<?xml version="1.0" encoding="UTF-8"?>
<!-- Generated by org.testng.reporters.JUnitReportReporter -->
<testsuite hostname="LAPTOP-SJ9COMQA" failures="0" tests="1" name="com.ATSsoftware.testcases.TC001_UserLoginTest" time="25.763" errors="0" timestamp="28 Aug. 2023 23:54:13 GMT" skipped="0">
  <testcase classname="com.ATSsoftware.testcases.TC001_UserLoginTest" name="loginTest" time="25.763"/>
</testsuite> <!-- com.ATSsoftware.testcases.TC001_UserLoginTest -->
